04/28/2018 01:31:49 AM -  [INFO]: KatScrapperTypeA Selected Proxy from Proxy List [ https://kickass.cd ]
04/28/2018 01:31:49 AM -  [DEBUG0]: UriBuilder Generated Uri from Query Params: [ https://kickass.cd/search.php?q=Westworld++S02E01+1080p ]
04/28/2018 01:31:49 AM -  [DEBUG0]: KatScrapperTypeA Searching on Proxy [ https://kickass.cd/search.php?q=Westworld++S02E01+1080p ]
04/28/2018 01:32:33 AM -  [ERROR]: WebScraperParseError, in KatScrapperTypeA Unable to Parse Raw Values from Search Result Response: [ ('WebScraperContentError, in KatScrapperTypeA Content Error in Search Result Response: [ ContentError: unable to retrieve values ]', 'ContentError: unable to retrieve values', 'KatScrapperTypeA') ]
04/28/2018 01:32:33 AM -  [INFO]: PirateBayScraper Selected Proxy from Proxy List [ https://unblockedbay.info ]
04/28/2018 01:32:33 AM -  [DEBUG0]: UriBuilder Generated Uri from Query Params: [ https://unblockedbay.info/s/?q=Westworld++S02E01+1080p&category=0&page=0&orderby=99 ]
04/28/2018 01:32:33 AM -  [DEBUG0]: PirateBayScraper Searching on Proxy [ https://unblockedbay.info/s/?q=Westworld++S02E01+1080p&category=0&page=0&orderby=99 ]
04/28/2018 01:32:36 AM -  [INFO]: PirateBayScraper Retrieving Raw Values from Search Result Response:
04/28/2018 01:32:39 AM -  [INFO]: PirateBayScraper Retrieving Magnet from Proxy [ https://unblockedbay.info ]
04/28/2018 01:32:39 AM -  [DEBUG0]: PirateBayScraper Searching on Proxy [ https://unblockedbay.info/torrent/21172026/Westworld.S02E01.1080p.WEB.H264-DEFLATE ]
04/28/2018 01:32:41 AM -  [DEBUG0]: MagnetBuilder Generated Uri from Magnet Link: Westworld.S02E01.1080p.WEB.H264-DEFLATE with Hash [ 7e895324ef8912ce4d92933a9b9f5f357c267a03 ]
04/28/2018 01:32:41 AM -  [DEBUG0]: PirateBayScraper Searching on Proxy [ https://unblockedbay.info/torrent/21178141/Westworld.S02E01.1080p.10bit.WEBRip.6CH.x265.HEVC-PSA ]
04/28/2018 01:32:42 AM -  [DEBUG0]: MagnetBuilder Generated Uri from Magnet Link: Westworld.S02E01.1080p.10bit.WEBRip.6CH.x265.HEVC-PSA with Hash [ 2292b3aa895d89b64f2341c44d6e397c06374b58 ]
04/28/2018 01:32:42 AM -  [DEBUG0]: PirateBayScraper Searching on Proxy [ https://unblockedbay.info/torrent/21180126/Westworld_S02E01_1080p_AMZN_WEB-DL_6CH_1.1GB ]
04/28/2018 01:32:45 AM -  [DEBUG0]: MagnetBuilder Generated Uri from Magnet Link: Westworld+S02E01+1080p+AMZN+WEB-DL+6CH+1.1GB with Hash [ 151e77a987fd1517e4c09807b0f1630172673d01 ]
04/28/2018 01:32:45 AM -  [DEBUG0]: PirateBayScraper Searching on Proxy [ https://unblockedbay.info/torrent/21174367/Westworld.S02E01.1080p.HEVC.x265-MeGusta ]
04/28/2018 01:32:47 AM -  [DEBUG0]: MagnetBuilder Generated Uri from Magnet Link: Westworld.S02E01.1080p.HEVC.x265-MeGusta with Hash [ 63dc9660b9a4db9ea48af17d62880692dbf6ecb9 ]
04/28/2018 01:32:47 AM -  [DEBUG0]: PirateBayScraper Searching on Proxy [ https://unblockedbay.info/torrent/21264135/Westworld.S02E01.1080p.AMZN.WEBRip.x264.%5B1.3GB%5D.%5BMP4%5D ]
04/28/2018 01:32:47 AM -  [DEBUG0]: MagnetBuilder Generated Uri from Magnet Link: Westworld.S02E01.1080p.AMZN.WEBRip.x264.%5B1.3GB%5D.%5BMP4%5D with Hash [ 5925928425e0a890b62a87a2a25ed3236493f242 ]
04/28/2018 01:32:47 AM -  [DEBUG0]: PirateBayScraper Searching on Proxy [ https://unblockedbay.info/torrent/21180442/Westworld.S02E01.1080p.WEB.H264-DEFLATE-DUAL-HDMAN ]
04/28/2018 01:32:48 AM -  [DEBUG0]: MagnetBuilder Generated Uri from Magnet Link: Westworld.S02E01.1080p.WEB.H264-DEFLATE-DUAL-HDMAN with Hash [ 0d56c614dca01b60defbe322b58b8d46eeaff103 ]
04/28/2018 01:32:48 AM -  [DEBUG0]: PirateBayScraper Searching on Proxy [ https://unblockedbay.info/torrent/21173187/Westworld.S02E01.1080p.WEB.H264-DEFLATE ]
04/28/2018 01:32:50 AM -  [DEBUG0]: MagnetBuilder Generated Uri from Magnet Link: Westworld.S02E01.1080p.WEB.H264-DEFLATE with Hash [ 29e72cf3001103d9efb29be7edce2da4fce51d94 ]
04/28/2018 01:32:50 AM -  [DEBUG0]: PirateBayScraper Searching on Proxy [ https://unblockedbay.info/torrent/21189235/Westworld.S02E01.1080p.AMZN.WEB-DL.5.1.HEVC.x265-GIRAYS ]
04/28/2018 01:32:53 AM -  [DEBUG0]: MagnetBuilder Generated Uri from Magnet Link: Westworld.S02E01.1080p.AMZN.WEB-DL.5.1.HEVC.x265-GIRAYS with Hash [ 2c09b79a11a830002328cf413b29fe287b05df46 ]
04/28/2018 01:32:53 AM -  [INFO]: TorrentFunkScraper Selected Proxy from Proxy List [ https://torrentfunk.unblocked.mx ]
04/28/2018 01:32:53 AM -  [DEBUG0]: UriBuilder Generated Uri from Query Params: [ https://torrentfunk.unblocked.mx/all/torrents/Westworld%20%20S02E01%201080p.html ]
04/28/2018 01:32:53 AM -  [DEBUG0]: TorrentFunkScraper Searching on Proxy [ https://torrentfunk.unblocked.mx/all/torrents/Westworld%20%20S02E01%201080p.html ]
04/28/2018 01:32:54 AM -  [INFO]: TorrentFunkScraper Retrieving Raw Values from Search Result Response:
04/28/2018 01:32:55 AM -  [INFO]: TorrentFunkScraper Retrieving Torrent File from Proxy [ https://torrentfunk.unblocked.mx ]
04/28/2018 01:32:55 AM -  [DEBUG0]: TorrentFunkScraper Searching on Proxy [ https://torrentfunk.unblocked.mx/torrent/15865685/westworld-s02e01-1080p-amzn-web-dl-x265-hevc-10bit-e-6-0-qman-utr.html ]
04/28/2018 01:32:56 AM -  [WARNING]: MagnetBuilderTorrentKeyError, in MagnetBuilder Unable to Retrieve Value from Torrent: [ b'announce' ]
04/28/2018 01:32:56 AM -  [WARNING]: MagnetBuilderTorrentKeyError, in MagnetBuilder Unable to Retrieve Value from Torrent: [ b'announce-list' ]
04/28/2018 01:32:56 AM -  [DEBUG0]: MagnetBuilder Generated Uri from Torrent File: Westworld S02E01 (1080p AMZN WEB-DL x265 HEVC 10bit EAC3 6.0 Qman) [UTR] with Hash [ f3587eb780d14996cd9a0e84049fc57614fb1736 ]
04/28/2018 01:32:56 AM -  [DEBUG0]: TorrentFunkScraper Searching on Proxy [ https://torrentfunk.unblocked.mx/torrent/15865915/westworld-s02e01-1080p-amzn-web-dl-5-1-hevc-x265-girays.html ]
04/28/2018 01:32:59 AM -  [WARNING]: MagnetBuilderTorrentKeyError, in MagnetBuilder Unable to Retrieve Value from Torrent: [ b'announce' ]
04/28/2018 01:32:59 AM -  [WARNING]: MagnetBuilderTorrentKeyError, in MagnetBuilder Unable to Retrieve Value from Torrent: [ b'announce-list' ]
04/28/2018 01:32:59 AM -  [DEBUG0]: MagnetBuilder Generated Uri from Torrent File: Westworld.S02E01.1080p.AMZN.WEB-DL.5.1.HEVC.x265-GIRAYS.mkv with Hash [ 2c09b79a11a830002328cf413b29fe287b05df46 ]
04/28/2018 01:32:59 AM -  [DEBUG0]: TorrentFunkScraper Searching on Proxy [ https://torrentfunk.unblocked.mx/torrent/15919807/torrentcouch-westworld-s02e01-1080p-amzn-webrip-1-3gb-mp4.html ]
04/28/2018 01:33:01 AM -  [DEBUG0]: MagnetBuilder Generated Uri from Torrent File: [TorrentCouch.com].Westworld.S02E01.1080p.AMZN.WEBRip.x264.[1.3GB].[MP4] with Hash [ 5925928425e0a890b62a87a2a25ed3236493f242 ]
04/28/2018 01:33:01 AM -  [DEBUG0]: TorrentFunkScraper Searching on Proxy [ https://torrentfunk.unblocked.mx/torrent/15866412/westworld-s02e01-1080p-amzn-web-dl-x265-hevc-10bit-aac-5-1-vyndros.html ]
04/28/2018 01:33:03 AM -  [WARNING]: MagnetBuilderTorrentKeyError, in MagnetBuilder Unable to Retrieve Value from Torrent: [ b'announce' ]
04/28/2018 01:33:03 AM -  [WARNING]: MagnetBuilderTorrentKeyError, in MagnetBuilder Unable to Retrieve Value from Torrent: [ b'announce-list' ]
04/28/2018 01:33:03 AM -  [DEBUG0]: MagnetBuilder Generated Uri from Torrent File: Westworld (2016) S02E01 (1080p AMZN WEB-DL x265 HEVC 10bit AAC 5.1 Vyndros) with Hash [ b1cb29de0efe788c6165931904bcadc73f1eaf3d ]
04/28/2018 01:33:03 AM -  [DEBUG0]: TorrentFunkScraper Searching on Proxy [ https://torrentfunk.unblocked.mx/torrent/15925700/westworld-s02e01-journey-into-night-1080p-x265-10bit-fs86-joy.html ]
04/28/2018 01:33:05 AM -  [DEBUG0]: MagnetBuilder Generated Uri from Torrent File: Westworld S02E01 Journey Into Night  (1080p x265 10bit FS86 Joy).mkv with Hash [ 475c208ba8586aa641e695fb8384753aeb89c846 ]
04/28/2018 01:33:05 AM -  [DEBUG0]: TorrentFunkScraper Searching on Proxy [ https://torrentfunk.unblocked.mx/torrent/15886790/westworld-s02e01-journey-into-night-1080p-amzn-hevc-10bit.html ]
04/28/2018 01:33:06 AM -  [DEBUG0]: MagnetBuilder Generated Uri from Torrent File: Westworld.S02E01.Journey.Into.Night.1080p.AMZN.HEVC.10bit.mkv with Hash [ 7315d1a1a4406ae3070c862b3629107274cdad6c ]
04/28/2018 01:33:06 AM -  [DEBUG0]: TorrentFunkScraper Searching on Proxy [ https://torrentfunk.unblocked.mx/torrent/15925698/%E8%A5%BF%E9%83%A8%E4%B8%96%E7%95%8C-westworld-s02e01-1080p-%E5%A4%A9%E5%A4%A9%E7%BE%8E%E5%89%A7%E5%AD%97%E5%B9%95%E7%BB%84.html ]
