05/16/2018 07:34:19 PM -  [INFO]: PirateBayScraper Selected Proxy from Proxy List [ https://unblockedbay.info ]
05/16/2018 07:34:19 PM -  [DEBUG0]: UriBuilder Generated Uri from Query Params: [ https://unblockedbay.info/s/?q=gilmore+girls++S01E01&category=0&page=0&orderby=99 ]
05/16/2018 07:34:19 PM -  [DEBUG0]: PirateBayScraper Searching on Proxy [ https://unblockedbay.info/s/?q=gilmore+girls++S01E01&category=0&page=0&orderby=99 ]
05/16/2018 07:34:24 PM -  [INFO]: PirateBayScraper Retrieving Raw Values from Search Result Response:
05/16/2018 07:34:24 PM -  [INFO]: PirateBayScraper Retrieving Magnet from Proxy [ https://unblockedbay.info ]
05/16/2018 07:34:24 PM -  [DEBUG0]: PirateBayScraper Searching on Proxy [ https://unblockedbay.info/torrent/16354021/Gilmore_Girls_2016_S01E01_720p_WEBRip_x264-TheRival ]
05/16/2018 07:34:25 PM -  [DEBUG0]: MagnetBuilder Generated Uri from Magnet Link: Gilmore+Girls+2016+S01E01+720p+WEBRip+x264-TheRival with Hash [ 8bf0b7e65cc5d6b6f288a6dc4487e80c6cfff99b ]
05/16/2018 07:34:25 PM -  [DEBUG0]: PirateBayScraper Searching on Proxy [ https://unblockedbay.info/torrent/16398557/Gilmore.Girls.A.Year.in.the.Life.S01E01.REAL.PROPER.720p.WEBR... ]
05/16/2018 07:34:27 PM -  [DEBUG0]: MagnetBuilder Generated Uri from Magnet Link: Gilmore.Girls.A.Year.in.the.Life.S01E01.REAL.PROPER.720p.WEBR... with Hash [ 7358c366bd61de913e70344121a2fd8ffb7dae19 ]
05/16/2018 07:34:27 PM -  [DEBUG0]: PirateBayScraper Searching on Proxy [ https://unblockedbay.info/torrent/16355932/Gilmore.Girls.2016.S01E01.WEBRip.x264%5Bstate%5D ]
05/16/2018 07:34:28 PM -  [DEBUG0]: MagnetBuilder Generated Uri from Magnet Link: Gilmore.Girls.2016.S01E01.WEBRip.x264%5Bstate%5D with Hash [ 39caa294094deea0e6337c21694a27ea64ffe26f ]
05/16/2018 07:34:28 PM -  [DEBUG0]: PirateBayScraper Searching on Proxy [ https://unblockedbay.info/torrent/16367382/Gilmore.Girls..2016.S01E01.Winter.720p.NF.WEBRip.HEVC.x265 ]
05/16/2018 07:34:30 PM -  [DEBUG0]: MagnetBuilder Generated Uri from Magnet Link: Gilmore.Girls..2016.S01E01.Winter.720p.NF.WEBRip.HEVC.x265 with Hash [ 6fc6f85516eb70a731cf5d5cf755449edf30bcd6 ]
05/16/2018 07:34:30 PM -  [DEBUG0]: PirateBayScraper Searching on Proxy [ https://unblockedbay.info/torrent/15565723/Gilmore.Girls.S01E01.WS.HDTV.x264-REGRET ]
05/16/2018 07:34:32 PM -  [DEBUG0]: MagnetBuilder Generated Uri from Magnet Link: Gilmore.Girls.S01E01.WS.HDTV.x264-REGRET with Hash [ f713025bed4988b2c07a0a5288240244450c3f25 ]
05/16/2018 07:34:32 PM -  [DEBUG0]: PirateBayScraper Searching on Proxy [ https://unblockedbay.info/torrent/15565867/Gilmore.Girls.S01E01.480p.x264-mSD ]
05/16/2018 07:34:34 PM -  [DEBUG0]: MagnetBuilder Generated Uri from Magnet Link: Gilmore.Girls.S01E01.480p.x264-mSD with Hash [ 1b0ccbbe6db3fa2fdd713d99f2a12dfedd911a6f ]
05/16/2018 07:34:34 PM -  [DEBUG0]: PirateBayScraper Searching on Proxy [ https://unblockedbay.info/torrent/15565737/Gilmore.Girls.S01E01.XviD-AFG ]
05/16/2018 07:34:36 PM -  [DEBUG0]: MagnetBuilder Generated Uri from Magnet Link: Gilmore.Girls.S01E01.XviD-AFG with Hash [ 7338e4ef764f3b3eabf72fb1ffe281b933f5e3ef ]
05/16/2018 07:34:36 PM -  [DEBUG0]: PirateBayScraper Searching on Proxy [ https://unblockedbay.info/torrent/15565805/Gilmore.Girls.S01E01.480p.x264-mSD ]
05/16/2018 07:34:38 PM -  [DEBUG0]: MagnetBuilder Generated Uri from Magnet Link: Gilmore.Girls.S01E01.480p.x264-mSD with Hash [ 86928ddba12584058c8b5bb66d858193a7908f21 ]
05/16/2018 07:34:38 PM -  [INFO]: ScraperEngine Creating Unique Magnet DataFrame:
05/16/2018 07:34:38 PM -  [DEBUG0]: ScraperEngine New DataFrame Rows:
----------------------------------------------------------------------------------------------------------------------------------------------------------------------------------------
Empty DataFrame
Columns: []
Index: []

05/16/2018 07:34:38 PM -  [DEBUG0]: ScraperEngine Adding Merged New DataFrame to Main DataFrame:
05/16/2018 07:34:38 PM -  [DEBUG0]: ScraperEngine Magnet WebScraping Search:
----------------------------------------------------------------------------------------------------------------------------------------------------------------------------------------
                                                name                                      hash  size  seed  leech      ratio                                             magnet
0  Gilmore+Girls+2016+S01E01+720p+WEBRip+x264-The...  8bf0b7e65cc5d6b6f288a6dc4487e80c6cfff99b   785    35      3  11.666667  magnet:?xt=urn:btih:8bf0b7e65cc5d6b6f288a6dc44...
1  Gilmore.Girls.A.Year.in.the.Life.S01E01.REAL.P...  7358c366bd61de913e70344121a2fd8ffb7dae19  3120    10      1  10.000000  magnet:?xt=urn:btih:7358c366bd61de913e70344121...
2   Gilmore.Girls.2016.S01E01.WEBRip.x264%5Bstate%5D  39caa294094deea0e6337c21694a27ea64ffe26f   470     7      1   7.000000  magnet:?xt=urn:btih:39caa294094deea0e6337c2169...
3  Gilmore.Girls..2016.S01E01.Winter.720p.NF.WEBR...  6fc6f85516eb70a731cf5d5cf755449edf30bcd6   763     3      4   0.750000  magnet:?xt=urn:btih:6fc6f85516eb70a731cf5d5cf7...
4           Gilmore.Girls.S01E01.WS.HDTV.x264-REGRET  f713025bed4988b2c07a0a5288240244450c3f25   272     1      1   1.000000  magnet:?xt=urn:btih:f713025bed4988b2c07a0a5288...
5                 Gilmore.Girls.S01E01.480p.x264-mSD  1b0ccbbe6db3fa2fdd713d99f2a12dfedd911a6f   206     1      1   1.000000  magnet:?xt=urn:btih:1b0ccbbe6db3fa2fdd713d99f2...
6                      Gilmore.Girls.S01E01.XviD-AFG  7338e4ef764f3b3eabf72fb1ffe281b933f5e3ef   420     1      1   1.000000  magnet:?xt=urn:btih:7338e4ef764f3b3eabf72fb1ff...
7                 Gilmore.Girls.S01E01.480p.x264-mSD  86928ddba12584058c8b5bb66d858193a7908f21   206     1      1   1.000000  magnet:?xt=urn:btih:86928ddba12584058c8b5bb66d...

05/16/2018 07:34:38 PM -  [INFO]: ScraperEngine Magnet Candidates from WebScraping:
----------------------------------------------------------------------------------------------------------------------------------------------------------------------------------------
                                                name                                      hash  size  seed  leech      ratio                                             magnet
0  Gilmore+Girls+2016+S01E01+720p+WEBRip+x264-The...  8bf0b7e65cc5d6b6f288a6dc4487e80c6cfff99b   785    35      3  11.666667  magnet:?xt=urn:btih:8bf0b7e65cc5d6b6f288a6dc44...
1  Gilmore.Girls.A.Year.in.the.Life.S01E01.REAL.P...  7358c366bd61de913e70344121a2fd8ffb7dae19  3120    10      1  10.000000  magnet:?xt=urn:btih:7358c366bd61de913e70344121...
2   Gilmore.Girls.2016.S01E01.WEBRip.x264%5Bstate%5D  39caa294094deea0e6337c21694a27ea64ffe26f   470     7      1   7.000000  magnet:?xt=urn:btih:39caa294094deea0e6337c2169...
3  Gilmore.Girls..2016.S01E01.Winter.720p.NF.WEBR...  6fc6f85516eb70a731cf5d5cf755449edf30bcd6   763     3      4   0.750000  magnet:?xt=urn:btih:6fc6f85516eb70a731cf5d5cf7...
4           Gilmore.Girls.S01E01.WS.HDTV.x264-REGRET  f713025bed4988b2c07a0a5288240244450c3f25   272     1      1   1.000000  magnet:?xt=urn:btih:f713025bed4988b2c07a0a5288...
5                 Gilmore.Girls.S01E01.480p.x264-mSD  1b0ccbbe6db3fa2fdd713d99f2a12dfedd911a6f   206     1      1   1.000000  magnet:?xt=urn:btih:1b0ccbbe6db3fa2fdd713d99f2...
6                      Gilmore.Girls.S01E01.XviD-AFG  7338e4ef764f3b3eabf72fb1ffe281b933f5e3ef   420     1      1   1.000000  magnet:?xt=urn:btih:7338e4ef764f3b3eabf72fb1ff...
7                 Gilmore.Girls.S01E01.480p.x264-mSD  86928ddba12584058c8b5bb66d858193a7908f21   206     1      1   1.000000  magnet:?xt=urn:btih:86928ddba12584058c8b5bb66d...
