04/24/2021 08:26:59 PM - [INFO]: NetworkAgent: OK
04/24/2021 08:26:59 PM - [INFO]: TrackerScraper: Starting Scrap ...
04/24/2021 08:26:59 PM - [INFO]: PirateBayScraper Selected Proxy from Proxy List [ https://piratebay.uno ]
04/24/2021 08:26:59 PM - [INFO]: TorrentFunkScraper Selected Proxy from Proxy List [ https://www.torrentfunk.com ]
04/24/2021 08:27:02 PM - [INFO]: BrowserDriver: (GET) [ https://piratebay.uno/search.php?q=Mortal+Kombat+2021++1080p&cat=0 ]
04/24/2021 08:27:02 PM - [INFO]: BrowserDriver: (GET) [ https://www.torrentfunk.com/all/torrents/Mortal%20Kombat%202021%20%201080p.html ]
04/24/2021 08:27:04 PM - [INFO]: PirateBayScraper Retrieving Raw Values from Search Result Response:
04/24/2021 08:27:04 PM - [INFO]: PirateBayScraper New Entry Raw Values: 2029    5759/3214 magnet:?xt=urn:btih:2F5A5CCB7DC32B7F7D7B150DD6EFBCE87D2FC371&dn=Mortal%20Kombat%20(2021)%20%5B1080p%5D%20%5BWEBRip%5D&tr=udp%3A%2F%2Ftracker.coppersurfer.tk%3A6969%2Fannounce&tr=udp%3A%2F%2F9.rarbg.to%3A2920%2Fannounce&tr=udp%3A%2F%2Ftracker.opentrackr.org%3A1337&tr=udp%3A%2F%2Ftracker.internetwarriors.net%3A1337%2Fannounce&tr=udp%3A%2F%2Ftracker.leechers-paradise.org%3A6969%2Fannounce&tr=udp%3A%2F%2Ftracker.coppersurfer.tk%3A6969%2Fannounce&tr=udp%3A%2F%2Ftracker.pirateparty.gr%3A6969%2Fannounce&tr=udp%3A%2F%2Ftracker.cyberia.is%3A6969%2Fannounce
04/24/2021 08:27:04 PM - [INFO]: PirateBayScraper New Entry Raw Values: 5470    2303/1734 magnet:?xt=urn:btih:663DA12B13E2D5A93CB2D2CA0B617EB12D8F70BB&dn=Mortal.Kombat.2021.1080p.WEB-DL.DD5.1.H.264-EVO&tr=udp%3A%2F%2Ftracker.coppersurfer.tk%3A6969%2Fannounce&tr=udp%3A%2F%2F9.rarbg.to%3A2920%2Fannounce&tr=udp%3A%2F%2Ftracker.opentrackr.org%3A1337&tr=udp%3A%2F%2Ftracker.internetwarriors.net%3A1337%2Fannounce&tr=udp%3A%2F%2Ftracker.leechers-paradise.org%3A6969%2Fannounce&tr=udp%3A%2F%2Ftracker.coppersurfer.tk%3A6969%2Fannounce&tr=udp%3A%2F%2Ftracker.pirateparty.gr%3A6969%2Fannounce&tr=udp%3A%2F%2Ftracker.cyberia.is%3A6969%2Fannounce
04/24/2021 08:27:04 PM - [INFO]: PirateBayScraper New Entry Raw Values: 5470    1399/811  magnet:?xt=urn:btih:599899BC6CFD643873E7676BBEF2B370B5F578B5&dn=Mortal.Kombat.2021.1080p.WEB-DL.DD5.1.H.264-EVO%5BTGx%5D&tr=udp%3A%2F%2Ftracker.coppersurfer.tk%3A6969%2Fannounce&tr=udp%3A%2F%2F9.rarbg.to%3A2920%2Fannounce&tr=udp%3A%2F%2Ftracker.opentrackr.org%3A1337&tr=udp%3A%2F%2Ftracker.internetwarriors.net%3A1337%2Fannounce&tr=udp%3A%2F%2Ftracker.leechers-paradise.org%3A6969%2Fannounce&tr=udp%3A%2F%2Ftracker.coppersurfer.tk%3A6969%2Fannounce&tr=udp%3A%2F%2Ftracker.pirateparty.gr%3A6969%2Fannounce&tr=udp%3A%2F%2Ftracker.cyberia.is%3A6969%2Fannounce
04/24/2021 08:27:04 PM - [INFO]: PirateBayScraper New Entry Raw Values: 1400     485/316  magnet:?xt=urn:btih:66A35035749817F91BABDF5434269BC2F322BE8E&dn=Mortal.Kombat.2021.1080p.WEBRip.1400MB.DD5.1.x264-GalaxyRG&tr=udp%3A%2F%2Ftracker.coppersurfer.tk%3A6969%2Fannounce&tr=udp%3A%2F%2F9.rarbg.to%3A2920%2Fannounce&tr=udp%3A%2F%2Ftracker.opentrackr.org%3A1337&tr=udp%3A%2F%2Ftracker.internetwarriors.net%3A1337%2Fannounce&tr=udp%3A%2F%2Ftracker.leechers-paradise.org%3A6969%2Fannounce&tr=udp%3A%2F%2Ftracker.coppersurfer.tk%3A6969%2Fannounce&tr=udp%3A%2F%2Ftracker.pirateparty.gr%3A6969%2Fannounce&tr=udp%3A%2F%2Ftracker.cyberia.is%3A6969%2Fannounce
04/24/2021 08:27:04 PM - [INFO]: PirateBayScraper New Entry Raw Values: 1950     232/165  magnet:?xt=urn:btih:E786981C9A62F8A5609B981EEB01E6BD6DB77348&dn=Mortal.Kombat.2021.1080p.WEBRip.DD5.1.x264-Rapta&tr=udp%3A%2F%2Ftracker.coppersurfer.tk%3A6969%2Fannounce&tr=udp%3A%2F%2F9.rarbg.to%3A2920%2Fannounce&tr=udp%3A%2F%2Ftracker.opentrackr.org%3A1337&tr=udp%3A%2F%2Ftracker.internetwarriors.net%3A1337%2Fannounce&tr=udp%3A%2F%2Ftracker.leechers-paradise.org%3A6969%2Fannounce&tr=udp%3A%2F%2Ftracker.coppersurfer.tk%3A6969%2Fannounce&tr=udp%3A%2F%2Ftracker.pirateparty.gr%3A6969%2Fannounce&tr=udp%3A%2F%2Ftracker.cyberia.is%3A6969%2Fannounce
04/24/2021 08:27:04 PM - [INFO]: PirateBayScraper New Entry Raw Values: 5470     209/541  magnet:?xt=urn:btih:01EF6D39A4CFAF07F86DE4560E7B58894860EF21&dn=Mortal.Kombat.2021.1080p.WEBRip.DD5.1.x264-CM&tr=udp%3A%2F%2Ftracker.coppersurfer.tk%3A6969%2Fannounce&tr=udp%3A%2F%2F9.rarbg.to%3A2920%2Fannounce&tr=udp%3A%2F%2Ftracker.opentrackr.org%3A1337&tr=udp%3A%2F%2Ftracker.internetwarriors.net%3A1337%2Fannounce&tr=udp%3A%2F%2Ftracker.leechers-paradise.org%3A6969%2Fannounce&tr=udp%3A%2F%2Ftracker.coppersurfer.tk%3A6969%2Fannounce&tr=udp%3A%2F%2Ftracker.pirateparty.gr%3A6969%2Fannounce&tr=udp%3A%2F%2Ftracker.cyberia.is%3A6969%2Fannounce
04/24/2021 08:27:04 PM - [INFO]: PirateBayScraper New Entry Raw Values: 2520     134/64   magnet:?xt=urn:btih:4432DE33AC67BC06398A3394ACA37602CA2FC5A4&dn=Mortal%20Kombat%20(2021)%201080p%20English%20WEB-HDRip%20x264%20(DD%205.1)%20AAC%20E&tr=udp%3A%2F%2Ftracker.coppersurfer.tk%3A6969%2Fannounce&tr=udp%3A%2F%2F9.rarbg.to%3A2920%2Fannounce&tr=udp%3A%2F%2Ftracker.opentrackr.org%3A1337&tr=udp%3A%2F%2Ftracker.internetwarriors.net%3A1337%2Fannounce&tr=udp%3A%2F%2Ftracker.leechers-paradise.org%3A6969%2Fannounce&tr=udp%3A%2F%2Ftracker.coppersurfer.tk%3A6969%2Fannounce&tr=udp%3A%2F%2Ftracker.pirateparty.gr%3A6969%2Fannounce&tr=udp%3A%2F%2Ftracker.cyberia.is%3A6969%2Fannounce
04/24/2021 08:27:04 PM - [INFO]: PirateBayScraper New Entry Raw Values: 8090     115/100  magnet:?xt=urn:btih:7D6E419E1D6B3C73873FEC2840E3866DF753222A&dn=Mortal.Kombat.2021.1080p.WEB-DL.Atmos.x264-EVO%5BTGx%5D&tr=udp%3A%2F%2Ftracker.coppersurfer.tk%3A6969%2Fannounce&tr=udp%3A%2F%2F9.rarbg.to%3A2920%2Fannounce&tr=udp%3A%2F%2Ftracker.opentrackr.org%3A1337&tr=udp%3A%2F%2Ftracker.internetwarriors.net%3A1337%2Fannounce&tr=udp%3A%2F%2Ftracker.leechers-paradise.org%3A6969%2Fannounce&tr=udp%3A%2F%2Ftracker.coppersurfer.tk%3A6969%2Fannounce&tr=udp%3A%2F%2Ftracker.pirateparty.gr%3A6969%2Fannounce&tr=udp%3A%2F%2Ftracker.cyberia.is%3A6969%2Fannounce
04/24/2021 08:27:04 PM - [INFO]: PirateBayScraper New Entry Raw Values: 5470     114/65   magnet:?xt=urn:btih:011B81A654E7EEFF0BDB4E541C6FF16C0E55D42E&dn=Mortal.Kombat.2021.1080p.WEB-DL.DD5.1.H.264-EVO&tr=udp%3A%2F%2Ftracker.coppersurfer.tk%3A6969%2Fannounce&tr=udp%3A%2F%2F9.rarbg.to%3A2920%2Fannounce&tr=udp%3A%2F%2Ftracker.opentrackr.org%3A1337&tr=udp%3A%2F%2Ftracker.internetwarriors.net%3A1337%2Fannounce&tr=udp%3A%2F%2Ftracker.leechers-paradise.org%3A6969%2Fannounce&tr=udp%3A%2F%2Ftracker.coppersurfer.tk%3A6969%2Fannounce&tr=udp%3A%2F%2Ftracker.pirateparty.gr%3A6969%2Fannounce&tr=udp%3A%2F%2Ftracker.cyberia.is%3A6969%2Fannounce
04/24/2021 08:27:04 PM - [INFO]: PirateBayScraper New Entry Raw Values: 2500      43/33   magnet:?xt=urn:btih:F0B4F2265955E9EDF94DAEA553C85BBD9B0EA979&dn=Mortal.Kombat.2021.1080p.WEBRip.AC3.x264-LESS&tr=udp%3A%2F%2Ftracker.coppersurfer.tk%3A6969%2Fannounce&tr=udp%3A%2F%2F9.rarbg.to%3A2920%2Fannounce&tr=udp%3A%2F%2Ftracker.opentrackr.org%3A1337&tr=udp%3A%2F%2Ftracker.internetwarriors.net%3A1337%2Fannounce&tr=udp%3A%2F%2Ftracker.leechers-paradise.org%3A6969%2Fannounce&tr=udp%3A%2F%2Ftracker.coppersurfer.tk%3A6969%2Fannounce&tr=udp%3A%2F%2Ftracker.pirateparty.gr%3A6969%2Fannounce&tr=udp%3A%2F%2Ftracker.cyberia.is%3A6969%2Fannounce
04/24/2021 08:27:04 PM - [INFO]: PirateBayScraper New Entry Raw Values: 1700      36/31   magnet:?xt=urn:btih:C7530B856E4A14A59EAE7E05FE351349CE2C3EEC&dn=Mortal%20Kombat%20(2021)%201080p%20WEB-DL%206CH%201.7GB%20-%20TINYMKV&tr=udp%3A%2F%2Ftracker.coppersurfer.tk%3A6969%2Fannounce&tr=udp%3A%2F%2F9.rarbg.to%3A2920%2Fannounce&tr=udp%3A%2F%2Ftracker.opentrackr.org%3A1337&tr=udp%3A%2F%2Ftracker.internetwarriors.net%3A1337%2Fannounce&tr=udp%3A%2F%2Ftracker.leechers-paradise.org%3A6969%2Fannounce&tr=udp%3A%2F%2Ftracker.coppersurfer.tk%3A6969%2Fannounce&tr=udp%3A%2F%2Ftracker.pirateparty.gr%3A6969%2Fannounce&tr=udp%3A%2F%2Ftracker.cyberia.is%3A6969%2Fannounce
04/24/2021 08:27:04 PM - [INFO]: PirateBayScraper New Entry Raw Values: 1980       1/1    magnet:?xt=urn:btih:218FCCED06C15F9C74976C5A043FA9820083537D&dn=Mortal.Kombat.2021.1080p.HMAX.WEBRip.DD5.1.X.264-EVO&tr=udp%3A%2F%2Ftracker.coppersurfer.tk%3A6969%2Fannounce&tr=udp%3A%2F%2F9.rarbg.to%3A2920%2Fannounce&tr=udp%3A%2F%2Ftracker.opentrackr.org%3A1337&tr=udp%3A%2F%2Ftracker.internetwarriors.net%3A1337%2Fannounce&tr=udp%3A%2F%2Ftracker.leechers-paradise.org%3A6969%2Fannounce&tr=udp%3A%2F%2Ftracker.coppersurfer.tk%3A6969%2Fannounce&tr=udp%3A%2F%2Ftracker.pirateparty.gr%3A6969%2Fannounce&tr=udp%3A%2F%2Ftracker.cyberia.is%3A6969%2Fannounce
04/24/2021 08:27:04 PM - [INFO]: ScraperEngine Found 12 Results on PirateBayScraper selected endpoint
04/24/2021 08:27:05 PM - [WARNING]: BrowserDriver: HTTPConnectionPool(host='127.0.0.1', port=63793): Read timed out. (read timeout=<object object at 0x0000023B221B8320>)
04/24/2021 08:27:07 PM - [INFO]: BrowserDriver: (GET) [ https://www.torrentfunk.com/all/torrents/Mortal%20Kombat%202021%20%201080p.html ]
04/24/2021 08:27:15 PM - [INFO]: TorrentFunkScraper: Retrieving Raw Values from WebSearch Response ...
04/24/2021 08:27:15 PM - [INFO]: TorrentFunkScraper New Entry Raw Values: 2100    6763/6051 /torrent/38303002/mortal-kombat-2021-1080p-webrip-bg.html
04/24/2021 08:27:15 PM - [INFO]: TorrentFunkScraper New Entry Raw Values: 2000    3536/18253 /torrent/38304438/mortal-kombat-2021-1080p-webrip-5-1-yts-mx.html
04/24/2021 08:27:15 PM - [INFO]: TorrentFunkScraper New Entry Raw Values: 5500    1641/2523 /torrent/38300420/mortal-kombat-2021-1080p-web-dl-dd5-1-h-264.html
04/24/2021 08:27:15 PM - [INFO]: TorrentFunkScraper New Entry Raw Values: 2100     612/1212 /torrent/38306652/mortal-kombat-2021-1080p-web-dl.html
04/24/2021 08:27:15 PM - [INFO]: TorrentFunkScraper New Entry Raw Values: 5500     501/1394 /torrent/38303001/mortal-kombat-2021-1080p-webrip-dd5-1-cm.html
04/24/2021 08:27:15 PM - [INFO]: TorrentFunkScraper New Entry Raw Values: 1400     501/814  /torrent/38302758/mortal-kombat-2021-1080p-webrip-1400mb-dd5-1-galaxyrgtgx.html
04/24/2021 08:27:15 PM - [INFO]: TorrentFunkScraper New Entry Raw Values: 2100     311/1094 /torrent/38311167/mortal-kombat-2021-1080p-web-dl.html
04/24/2021 08:27:15 PM - [INFO]: TorrentFunkScraper New Entry Raw Values: 5500     161/1290 /torrent/38299525/mortal-kombat-2021-1080p-web-dl-dd5-1-h-264-evotgx.html
04/24/2021 08:27:15 PM - [INFO]: TorrentFunkScraper New Entry Raw Values: 2100     120/93   /torrent/38315248/mortal-kombat-2021-1080p-5-1-2-0-phun-psyz.html
04/24/2021 08:27:15 PM - [INFO]: TorrentFunkScraper New Entry Raw Values: 8100     110/293  /torrent/38305906/mortal-kombat-2021-1080p-web-dl-atmos-evotgx.html
04/24/2021 08:27:15 PM - [INFO]: TorrentFunkScraper New Entry Raw Values: 1700      88/58   /torrent/38310874/mortal-kombat-2021-1080p-web-dlrip-x265.html
04/24/2021 08:27:15 PM - [INFO]: TorrentFunkScraper New Entry Raw Values: 2500      82/230  /torrent/38306951/mortal-kombat-2021-1080p-english-web-dd-5-1-aac-esub-by-full4movies.html
04/24/2021 08:27:15 PM - [INFO]: TorrentFunkScraper New Entry Raw Values: 2100      67/93   /torrent/38311132/mortal-kombat-2021-1080p-web-dl.html
04/24/2021 08:27:15 PM - [INFO]: TorrentFunkScraper New Entry Raw Values: 3500      38/51   /torrent/38315053/mortal-kombat-2021-1080p-web-rip-h264-5-1-kingdom-rg.html
04/24/2021 08:27:15 PM - [INFO]: TorrentFunkScraper New Entry Raw Values: 7200      14/18   /torrent/38311466/mortal-kombat-2021-spanish-1080p-hmax-web-dl-dem3nt3.html
04/24/2021 08:27:15 PM - [INFO]: TorrentFunkScraper New Entry Raw Values: 1500       9/32   /torrent/38315246/mortal-kombat-2021-1080p-web-dl-x265-hevc-hdetg.html
04/24/2021 08:27:17 PM - [INFO]: BrowserDriver: (GET) [ https://www.torrentfunk.com/torrent/38303002/mortal-kombat-2021-1080p-webrip-bg.html ]
04/24/2021 08:27:19 PM - [INFO]: BrowserDriver: (GET) [ https://www.torrentfunk.com/torrent/38304438/mortal-kombat-2021-1080p-webrip-5-1-yts-mx.html ]
04/24/2021 08:27:26 PM - [INFO]: BrowserDriver: (GET) [ https://www.torrentfunk.com/torrent/38306652/mortal-kombat-2021-1080p-web-dl.html ]
04/24/2021 08:27:27 PM - [INFO]: BrowserDriver: (GET) [ https://www.torrentfunk.com/torrent/38300420/mortal-kombat-2021-1080p-web-dl-dd5-1-h-264.html ]
04/24/2021 08:27:33 PM - [INFO]: BrowserDriver: (GET) [ https://www.torrentfunk.com/torrent/38303001/mortal-kombat-2021-1080p-webrip-dd5-1-cm.html ]
04/24/2021 08:27:33 PM - [INFO]: BrowserDriver: (GET) [ https://www.torrentfunk.com/torrent/38302758/mortal-kombat-2021-1080p-webrip-1400mb-dd5-1-galaxyrgtgx.html ]
04/24/2021 08:27:39 PM - [INFO]: BrowserDriver: (GET) [ https://www.torrentfunk.com/torrent/38311167/mortal-kombat-2021-1080p-web-dl.html ]
04/24/2021 08:27:44 PM - [INFO]: BrowserDriver: (GET) [ https://www.torrentfunk.com/torrent/38299525/mortal-kombat-2021-1080p-web-dl-dd5-1-h-264-evotgx.html ]
04/24/2021 08:27:47 PM - [INFO]: BrowserDriver: (GET) [ https://www.torrentfunk.com/torrent/38315248/mortal-kombat-2021-1080p-5-1-2-0-phun-psyz.html ]
